<?xml version="1.0" encoding="UTF-8"?>
<!-- Generated by org.testng.reporters.JUnitReportReporter -->
<testsuite hostname="DUDU" failures="0" tests="2" name="amazon.dependsonMethods" time="0.019" errors="0" timestamp="2024-06-23T18:54:12 IST" skipped="0">
  <testcase classname="amazon.dependsonMethods" name="logout" time="0.002"/>
  <testcase classname="amazon.dependsonMethods" name="addToCart" time="0.017"/>
</testsuite> <!-- amazon.dependsonMethods -->
