<?xml version="1.0" encoding="UTF-8"?>
<!-- Generated by org.testng.reporters.JUnitReportReporter -->
<testsuite hostname="DUDU" failures="0" tests="3" name="interview2.bubuTest" time="50.475" errors="0" timestamp="2024-06-19T10:04:05 IST" skipped="0">
  <testcase classname="interview2.bubuTest" name="suggest" time="13.550"/>
  <testcase classname="interview2.bubuTest" name="suggest" time="17.628"/>
  <testcase classname="interview2.bubuTest" name="suggest" time="19.297"/>
</testsuite> <!-- interview2.bubuTest -->
