<?xml version="1.0" encoding="UTF-8"?>
<!-- Generated by org.testng.reporters.JUnitReportReporter -->
<testsuite hostname="DUDU" failures="0" tests="3" name="interviewqs.NewTest" time="16.839" errors="0" timestamp="2024-06-23T19:34:28 IST" skipped="0">
  <testcase classname="interviewqs.NewTest" name="scenarios" time="6.291"/>
  <testcase classname="interviewqs.NewTest" name="scenarios" time="4.193"/>
  <testcase classname="interviewqs.NewTest" name="scenarios" time="6.355"/>
</testsuite> <!-- interviewqs.NewTest -->
