<?xml version="1.0" encoding="UTF-8"?>
<!-- Generated by org.testng.reporters.JUnitReportReporter -->
<testsuite hostname="DUDU" failures="0" tests="3" name="Facebook.FacebookDataprovider" time="24.293" errors="0" timestamp="2024-06-20T17:10:27 IST" skipped="0">
  <testcase classname="Facebook.FacebookDataprovider" name="scenarios" time="8.180"/>
  <testcase classname="Facebook.FacebookDataprovider" name="scenarios" time="6.221"/>
  <testcase classname="Facebook.FacebookDataprovider" name="scenarios" time="9.892"/>
</testsuite> <!-- Facebook.FacebookDataprovider -->
