<?xml version="1.0" encoding="UTF-8"?>
<!-- Generated by org.testng.reporters.JUnitReportReporter -->
<testsuite hostname="DUDU" failures="0" tests="5" name="amazon.testng" time="0.021" errors="0" timestamp="2024-06-18T21:49:38 IST" skipped="0">
  <testcase classname="amazon.testng" name="login" time="0.013"/>
  <testcase classname="amazon.testng" name="signup" time="0.001"/>
  <testcase classname="amazon.testng" name="logout" time="0.002"/>
  <testcase classname="amazon.testng" name="addToCart" time="0.002"/>
  <testcase classname="amazon.testng" name="searchProduct" time="0.003"/>
</testsuite> <!-- amazon.testng -->
